[   0.0000] nux erion 15.0-101-generic (uid@lgw0-ad64-003) (gc versio 7.50 (Ubnt 7.50-bunt1~8.04)) #2-Ubuntu SMP Mon May 11 10:07:26 UTC 2020 (Ubuntu 4.15.0-101.102-generic 4.15.18)
[    0.000000] Command line: BOOT_IMAGE=/boot/vmlinuz-4.15.0-101-generic root=UUID=6ff622cc-497e-49df-964f-3e554089a0ce ro console=tty1 console=ttyS0
[    0.000000] KERNEL supported cpus:
[    0.000000]   Intel GenuineIntel
[    0.000000]   AMD AuthenticAMD
[    0.000000]   Centaur CentaurHauls
[    0.000000] x86/fpu: Supporting XSAVE feature 0x001: 'x87 floating point registers'
[    0.000000] x86/fpu: Supporting XSAVE feature 0x002: 'SSE registers'
[    0.000000] x86/fpu: Supporting XSAVE feature 0x004: 'AVX registers'
[    0.000000] x86/fpu: xstate_offset[2]:  576, xstate_sizes[2]:  256
[    0.000000] x86/fpu: Enabled xstate features 0x7, context size is 832 bytes, using 'standard' format.
[    0.000000] e820: BIOS-provided physical RAM map:
[    0.000000] BIOS-e820: [mem 0x0000000000000000-0x000000000009fbff] usable
[    0.000000] BIOS-e820: [mem 0x000000000009fc00-0x000000000009ffff] reserved
[    0.000000] BIOS-e820: [mem 0x00000000000f0000-0x00000000000fffff] reserved
[    0.000000] BIOS-e820: [mem 0x0000000000100000-0x000000003ffeffff] usable
[    0.000000] BIOS-e820: [mem 0x000000003fff0000-0x000000003fffffff] ACPI data
[    0.000000] BIOS-e820: [mem 0x000000fec00000-0x00000000fec00fff] reserve
[    0.0000 BIO-e0: [mem 0x0000000ee00000-0x00000000fee00fff] reserved
[    0.000000] BIOS-e82 [em 0x00000fffc0000-0x0000000ffffff]reerved
[  0.0000] NX (Execute Disable) protection: active
[    0.000000] SMBIOS 2.5 present.
[    0.000000] DMI: innotek GmbH VirtualBox/VirtualBox, BIOS VirtualBox 12/01/2006
[    0.000000] Hypervisor detted: K
    0.000000] e820: last_pfn 03fff0ma_arch_pf =0x400000000
[    0.000000] MTRR:isbled
[    0.000000] x86/PAT: MTRRs disabled, skipping PAT initialization too.
[    0.000000] CPU MTRRs all blank - virtualized system.
[    0.000000] x86/PAT: Configuration [0-7]: WB  WT  UC- UC  WB  WT  UC- UC  
[    0.000000] found SMP MP-table at [mem 0x0009fff0-0x0009ffff]
[    0.000000] Scanning 1 areas for low memory corruption
[    0.000000] RAMDISK: [mem 0x3595d000-0x36ca5fff]
[    0.000000] ACPI: Early table checksum verification disabled
[    0.000000] ACPI: RSDP 0x00000000000E0000 000024 (v02 VBOX  )
[    0.0000] ACPIXSDT 0x000000003FFF0030 00003C (v01 VBOX   VBOXXSDT 00000001 ASL  00000061)
[    0.000000] ACPI: FACP 0x000000003FFF00F0 0000F4 (v04 VBOX   VBOXFACP 00000001 ASL  00000061)
[    0.000000] ACPI: DSDT 0x000000003FFF0470 0021FF (v02 VBOX   VBOXBIOS 00000002 INTL 20100528)
[    0.000000] ACPI: FACS 0x000000003FFF0200 000040
[    0.000000] ACPI: FACS 0x000000003FFF0200 000040
[    0.000000] ACPI: APIC 0x000000003FFF0240 00005C (v02 VBOX   VBOXAPIC 00000001 ASL  00000061)
[    0.000000] ACPI: SSDT 0x000000003FFF02A0 0001CC (v01 VBOX   VBOXCPUT 00000002 INTL 20100528)
[    0.000000] No NUMA configuration found
[    0.000000] Faking a node at [mem 0x0000000000000000-0x000000003ffeffff]
[    0.000000] NODE_DATA(0) allocated [mem 0x3ffc5000-0x3ffeffff]
[    0.000000] kvm-clock: cpu 0, msr 0:3ff44001, primary cpu clock
[    0.000000] kvm-clock: Using msrs 4b564d01 and 4b564d00
[    0.000000] kvm-clock: using sched offset of 3743499304 cycles
[    0.000000] clocksource: kvm-clock: mask: 0xffffffffffffffff max_cycles: 0x1cd42e4dffb, max_idle_ns: 881590591483 ns
[    0.000000] Zone ranges:
[    0.000000]   DMA      [mem 0x0000000000001000-0x0000000000ffffff]
[    0.000000]   DMA32    [mem 0x0000000001000000-0x000000003ffeffff]
[    0.000000]   Normal   empty
[    0.000000]   Device   empty
[    0.000000] Movable zone start for each node
[    0.000000] Early memory node ranges
[    0.000000]   node   0: [mem 0x0000000000001000-0x000000000009efff]
[    0.000000]   node   0: [mem 0x0000000000100000-0x000000003ffeffff]
[    0.000000] Reserved but unavailable: 98 pages
[    0.000000] Initmem setup node 0 [mem 0x0000000000001000-0x000000003ffeffff]
[    0.000000] ACPI: PM-Timer IO Port: 0x4008
[    0.000000] IOAPIC[0]: apic_id 2, version 32, address 0xfec00000, GSI 0-23
[    0.000000] ACPI: INT_SRC_OVR (bus 0 bus_irq 0 global_irq 2 dfl dfl)
[    0.000000] ACPI: INT_SRC_OVR (bus 0 bus_irq 9 global_irq 9 low level)
[    0.000000] Using ACPI (MADT) for SMP configuration information
[    0.000000] smpboot: Allowing 2 CPUs, 0 hotplug CPUs
[    0.000000] PM: Registered nosave memory: [mem 0x00000000-0x00000fff]
[    0.000000] PM: Registered nosave memory: [mem 0x0009f000-0x0009ffff]
[    0.000000] PM: Registered nosave memory: [mem 0x000a0000-0x000effff]
[    0.000000] PM: Registered nosave memory: [mem 0x000f0000-0x000fffff]
[    0.000000] e820: [mem 0x40000000-0xfebfffff] available for PCI devices
[    0.000000] Booting paravirtualized kernel on KVM
[    0.000000] clocksource: refined-jiffies: mask: 0xffffffff max_cycles: 0xffffffff, max_idle_ns: 7645519600211568 ns
[    0.000000] random: get_random_bytes called from start_kernel+0x99/0x4fd with cng_iit=0[    .00000] etp_percp: _CPUS:19nrr_cpumask_bits:2 nr_cpu_ids:2 nr_node_ids:1
[    0.000000] percp Embdd 45 paescpu 1456 r8192 d28672 0485
    0000] P qspinloc hh tale entries: 256 (order: 0, 4096 byte)
[  0.000000] Built 1 zonists, mobility grouping on.  Total pages: 257913
[    0.000000] Policy zone: DMA32
[    0.000000] Kernel command line: BOOT_IMAGE=/boot/vmlinuz-4.15.0-101-generic root=UUID=6ff622cc49e-49df-64f-3e554089a0ce ro console=tty1 console=ttyS0
[    0.000000] Memory: 982520K/1048120K available (12300K kernel code, 2481K rwdata, 4268K rodata, 2432K init, 2712K bss, 65600K reserved, 0K cma-reserved)
[    0.000000] SLUB: HWalign=64, Order=0-3, MinObjects=0, CPUs=2, Nodes=1
[    0.000000] Kernel/User page tables isolation: enabled
[    0.000000] ftrace: allocating 39364 entries in 154 pages
[    0.004000] Hierarchical RCU implementation.
[    0.004000] 	RCU restricting CPUs from NR_CPUS=8192 to nr_cpu_ids=2.
[    0.004000] 	Tasks RCU enabled.
[    0.004000] RCU: Adjusting geometry for rcu_fanout_leaf=16, nr_cu_ds=2    0.004000] NR_IRQS: 524544, nr_irqs: 440, preallocated irqs: 16
[    0.004000] Console: colour VGA+ 80x25
[  0.04000] console [tty1] enabed
[   0.004000 conle[ttyS0] enabld
[  0004000ACPI:or revisn 201731
[   0.004000ACPI 2CPI AMtables ccssfuly cqured d oade
   0.0040000] APIC: Switch to symmetric I/O mode setup
[    0.004305] x2apic enabled
[    0.008005] Switched APIC routing to physical x2apic.
[    0.010163] ..TIMER: vector=0x30 apic1=0 pin1=2 apic2=-1 pin2=-1
[    0.012003] tsc: Detected 2712.000 MHz processor
[    0.016011] Calibrating delay loop (skipped) preset value.. 5424.00 BogoMIPS (lpj=10848000)
[    0.017797] pid_max: default: 32768 minimum: 301
[    0.018898] Security Framework initialized
[    0.020003] Yama: becoming mindful.
[    0.020746] AppArmor: AppArmor initialized
[    0.024073] Dentry cache hash table entries: 131072 (order: 8, 1048576 bytes)
[    0.028054] Inode-cache hash table entries: 65536 (order: 7, 524288 bytes)
[    0.032015] Mount-cache hash table entries: 2048 (order: 2, 16384 bytes)
[    0.033154] Mountpoint-cache hash table entries: 2048 (order: 2, 16384 bytes)
[    0.036207] Last level iTLB entries: 4KB 64, 2MB 8, 4MB 8
[    0.037208] Last level dTLB entries: 4KB 64, 2MB 0, 4MB 0, 1GB 4
[    0.038245] Spectre V1 : Mitigation: usercopy/swapgs barriers and __user pointer sanitization
[    0.040004] Spectre V2 : Mitigation: Full generic retpoline
[    0.041006] Spectre V2 : Spectre v2 / SpectreRSB mitigation: Filling RSB on context switch
[    0.042499] Speculative Store Bypass: Vulnerable
[    0.044036] MDS: Mitigation: Clear CPU buffers
[    0.044950] Freeing SMP alternatives memory: 36K
[    0.156090] smpboot: CPU0: Intel(R) Core(TM) i7-8559U CPU @ 2.70GHz (family: 0x6, model: 0x8e, stepping: 0xa)
[    0.160082] Performance Events: unsupported p6 CPU model 142 no PMU driver, software events only.
[    0.161681] Hierarchical SRCU implementation.
[    0.164540] NMI watchdog: Perf event create on CPU 0 failed with -2
[    0.165598] NMI watchdog: Perf NMI watchdog permanently disabled
[    0.166668] smp: Bringing up secondary CPUs ...
[    0.168091] x86: Booting SMP configuration:
[    0.168853] .... node  #0, CPUs:      #1
[    0.004000] kvm-clock: cpu 1, msr 0:3ff44041, secondary cpu clock
[    0.262159] smp: Brought up 1 node, 2 CPUs
[    0.264009] smpboot: Max logical packages: 1
[    0.268007] smpboot: Total of 2 processors activated (10848.00 BogoMIPS)
[    0.272135] devtmpfs: initialized
[    0.272652] x86/mm: Memory block size: 128MB
[    0.273508] evm: security.selinux
[    0.274118] evm: security.SMACK64
[    0.274721] evm: security.SMACK64EXEC
[    0.276008] evm: security.SMACK64TRANSMUTE
[    0.276773] evm: security.SMACK64MMAP
[    0.277430] evm: security.apparmor
[    0.278059] evm: security.ima
[    0.280003] evm: security.capability
[    0.280688] clocksource: jiffies: mask: 0xffffffff max_cycles: 0xffffffff, max_idle_ns: 7645041785100000 ns
[    0.284020] futex hash table entries: 512 (order: 3, 32768 bytes)
[    0.286428] pinctrl core: initialized pinctrl subsystem
[    0.288123] RTC time:  2:37:43, date: 05/31/20
[    0.289047] NET: Registered protocol family 16
[    0.292115] audit: initializing netlink subsys (disabled)
[    0.296041] audit: type=2000 audit(1590892664.597:1): state=initialized audit_enabled=0 res=1
[    0.304009] cpuidle: using governor ladder
[    0.304766] cpuidle: using governor menu
[    0.308041] ACPI: bus type PCI registered
[    0.308768] acpiphp: ACPI Hot Plug PCI Controller Driver version: 0.5
[    0.312110] PCI: Using configuration type 1 for base access
[    0.316770] HugeTLB registered 2.00 MiB page size, pre-allocated 0 pages
[    0.317245] ACPI: Added _OSI(Module Device)
[    0.320004] ACPI: Added _OSI(Processor Device)
[    0.322820] ACPI: Added _OSI(3.0 _SCP Extensions)
[    0.324006] ACPI: Added _OSI(Processor Aggregator Device)
[    0.324969] ACPI: Added _OSI(Linux-Dell-Video)
[    0.325752] ACPI: Added _OSI(Linux-Lenovo-NV-HDMI-Audio)
[    0.326816] ACPI: Added _OSI(Linux-HPI-Hybrid-Graphics)
[    0.328317] ACPI: Executed 1 blocks of module-level executable AML code
[    0.332000] ACPI: Interpreter enabled
[    0.332019] ACPI: (supports S0 S5)
[    0.332647] ACPI: Using IOAPIC for interrupt routing
[    0.333716] PCI: Using host bridge windows from ACPI; if necessary, use "pci=nocrs" and report a bug
[    0.335471] ACPI: Enabled 2 GPEs in block 00 to 07
[    0.345934] ACPI: PCI Root Bridge [PCI0] (domain 0000 [bus 00-ff])
[    0.348013] acpi PNP0A03:00: _OSC: OS supports [ASPM ClockPM Segments MSI]
[    0.349188] acpi PNP0A03:00: _OSC: not requesting OS control; OS requires [ExtendedConfig ASPM ClockPM MSI]
[    0.350953] acpi PNP0A03:00: fail to add MMCONFIG information, can't access extended PCI configuration space under this bridge.
[    0.352376] PCI host bridge to bus 0000:00
[    0.353085] pci_bus 0000:00: root bus resource [io  0x0000-0x0cf7 window]
[    0.354278] pci_bus 0000:00: root bus resource [io  0x0d00-0xffff window]
[    0.356007] pci_bus 0000:00: root bus resource [mem 0x000a0000-0x000bffff window]
[    0.357311] pci_bus 0000:00: root bus resource [mem 0x40000000-0xfdffffff window]
[    0.359078] pci_bus 0000:00: root bus resource [bus 00-ff]
[    0.362349] pci 0000:00:01.1: legacy IDE quirk: reg 0x10: [io  0x01f0-0x01f7]
[    0.364006] pci 0000:00:01.1: legacy IDE quirk: reg 0x14: [io  0x03f6]
[    0.368007] pci 0000:00:01.1: legacy IDE quirk: reg 0x18: [io  0x0170-0x0177]
[    0.370010] pci 0000:00:01.1: legacy IDE quirk: reg 0x1c: [io  0x0376]
[    0.383570] pci 0000:00:07.0: quirk: [io  0x4000-0x403f] claimed by PIIX4 ACPI
[    0.384017] pci 0000:00:07.0: quirk: [io  0x4100-0x410f] claimed by PIIX4 SMB
[    0.390930] ACPI: PCI Interrupt Link [LNKA] (IRQs 5 9 10 *11)
[    0.392208] ACPI: PCI Interrupt Link [LNKB] (IRQs 5 9 *10 11)
[    0.393341] ACPI: PCI Interrupt Link [LNKC] (IRQs 5 *9 10 11)
[    0.394448] ACPI: PCI Interrupt Link [LNKD] (IRQs 5 9 10 *11)
[    0.395738] SCSI subsystem initialized
[    0.396124] pci 0000:00:02.0: vgaarb: setting as boot VGA device
[    0.400000] pci 0000:00:02.0: vgaarb: VGA device added: decodes=io+mem,owns=io+mem,locks=none
[    0.400007] pci 0000:00:02.0: vgaarb: bridge control possible
[    0.404005] vgaarb: loaded
[    0.408045] ACPI: bus type USB registered
[    0.408829] usbcore: registered new interface driver usbfs
[    0.409775] usbcore: registered new interface driver hub
[    0.410724] usbcore: registered new device driver usb
[    0.412048] EDAC MC: Ver: 3.0.0
[    0.416268] PCI: Using ACPI for IRQ routing
[    0.417118] NetLabel: Initializing
[    0.420005] NetLabel:  domain hash size = 128
[    0.424002] NetLabel:  protocols = UNLABELED CIPSOv4 CALIPSO
[    0.428022] NetLabel:  unlabeled traffic allowed by default
[    0.432068] clocksource: Switched to clocksource kvm-clock
[    0.445343] VFS: Disk quotas dquot_6.6.0
[   .44728] VFS: Dquot-cache hash table entries: 512 (order 0, 4096 bytes)
[    0.513183] AppArmor: AppArmor Filesystem Enabled
[    0.514234] pnp: PnPACPI init
[    0380]npPnP AI:ou 3 devices

[    0.859319] clocksource: acpi_pm: mask: 0xffffff max_cycles: 0xffffff, max_idle_ns: 2085701024 ns
[    0.861250] NET: Registered protocol family 2
[    0.862310] TCP established hash table entries: 8192 (order: 4, 65536 bytes)
[    0.863801] TCP bind hash table entries: 8192 (order: 5, 131072 bytes)
[    0.866606] TCP: Hash tables configured established 8192 bind 8192)
[    0.890213] UDP hash table entries: 512 (order: 2, 16384 bytes)
[    0.891706] UDP-Lite hash table entries: 512 (order: 2, 16384 bytes)
[    0.893418] NET: Registered protocol family 1
[    0.894408] pci 0000:00:00.0: Limiting direct PCI/PCI transfers
[    0.895913] pci 0000:00:01.0: Activating ISA DMA hang workarounds
[    0.897595] pci 0000:00:02.0: Video device with shadowed ROM at [mem 0x000c0000-0x000dffff]
[    0.899704] Unpacking initramfs...

[    1.172192] Freeing initrd memory: 19748K
[    1.217995] clocksource: tsc: mask: 0xffffffffffffffff max_cycles: 0x2717868ea45, max_idle_ns: 440795316085 ns
[    1.306377] platform rtc_cmos: registered platform RTC device (no PNP device found)
[    1.307780] Scanning for low memory corruption every 60 seconds
[    1.309441] Initialise system trusted keyrings
[    1.310394] Key type blacklist registered
[    1.311292] workingset: timestamp_bits=36 max_order=18 bucket_order=0
[    1.313130] zbud: loaded
[    1.314074] squashfs: version 4.0 (2009/01/31) Phillip Lougher
[    1.315450] fuse init (API version 7.26)
[    1.318673] Key type asymmetric registered
[    1.319582] Asymmetric key parser 'x509' registered
[    1.320751] Block layer SCSI generic (bsg) driver version 0.4 loaded (major 246)
[    1.322199] io scheduler noop registered
[    1.323218] io scheduler deadline registered
[    1.323992] io scheduler cfq registered (default)
[    1.325289] ACPI: AC Adapter [AC] (on-line)
[    1.326074] input: Power Button as /devices/LNXSYSTM:00/LNXPWRBN:00/input/input0
[    1.327402] ACPI: Power Button [PWRF]
[    1.328140] input: Sleep Button as /devices/LNXSYSTM:00/LNXSLPBN:00/input/input1
[    1.329416] ACPI: Sleep Button [SLPF]
[    1.331916] ACPI: Battery Slot [BAT0] (battery present)
[    1.332942] Serial: 8250/16550 driver, 32 ports, IRQ sharing enabled
[    1.357237] 00:02: ttyS0 at I/O 0x3f8 (irq = 4, base_baud = 115200) is a 16550A
[    1.361136] Linux agpgart interface v0.103
[    1.371868] loop: module loaded
[    1.372959] scsi host0: ata_piix
[    1.373744] scsi host1: ata_piix
[    1.374356] ata1: PATA max UDMA/33 cmd 0x1f0 ctl 0x3f6 bmdma 0xd000 irq 14
[    1.375614] ata2: PATA max UDMA/33 cmd 0x170 ctl 0x376 bmdma 0xd008 irq 15
[    1.376981] libphy: Fixed MDIO Bus: probed
[    1.377827] tun: Universal TUN/TAP device driver, 1.6
[    1.378863] PPP generic driver version 2.4.2
[    1.379710] ehci_hcd: USB 2.0 'Enhanced' Host Controller (EHCI) Driver
[    1.380869] ehci-pci: EHCI PCI platform driver
[    1.381768] ehci-platform: EHCI generic platform driver
[    1.382910] ohci_hcd: USB 1.1 'Open' Host Controller (OHCI) Driver
[    1.384342] ohci-pci: OHCI PCI platform driver
[    1.385198] ohci-platform: OHCI generic platform driver
[    1.386142] uhci_hcd: USB Universal Host Controller Interface driver
[    1.387298] i8042: PNP: PS/2 Controller [PNP0303:PS2K,PNP0f03:PS2M] at 0x60,0x64 irq 1,12
[    1.389135] serio: i8042 KBD port at 0x60,0x64 irq 1
[    1.390019] serio: i8042 AUX port at 0x60,0x64 irq 12
[    1.391043] mousedev: PS/2 mouse device common for all mice
[    1.392277] input: AT Translated Set 2 keyboard as /devices/platform/i8042/serio0/input/input2
[    1.396580] rtc_cmos rtc_cmos: rtc core: registered rtc_cmos as rtc0
[    1.397718] rtc_cmos rtc_cmos: alarms up to one day, 114 bytes nvram
[    1.398866] i2c /dev entries driver
[    1.399575] device-mapper: uevent: version 1.0.3
[    1.400538] device-mapper: ioctl: 4.37.0-ioctl (2017-09-20) initialised: dm-devel@redhat.com
[    1.402050] ledtrig-cpu: registered to indicate activity on CPUs
[    1.403562] NET: Registered protocol family 10
[    1.407295] Segment Routing with IPv6
[    1.407980] NET: Registered protocol family 17
[    1.408809] Key type dns_resolver registered
[    1.409722] mce: Using 0 MCE banks
[    1.410426] RAS: Correctable Errors collector initialized.
[    1.411559] sched_clock: Marking stable (1409703069, 0)->(5559303269, -4149600200)
[    1.413484] registered taskstats version 1
[    1.414654] Loading compiled-in X.509 certificates
[    1.417577] Loaded X.509 cert 'Build time autogenerated kernel key: 81757e40860ca54b8a45e323b66799c03c91a344'
[    1.419519] zswap: loaded using pool lzo/zbud
[    1.423129] Key type big_key registered
[    1.423819] Key type trusted registered
[    1.425848] Key type encrypted registered
[    1.426583] AppArmor: AppArmor sha1 policy hashing enabled
[    1.429280] ima: No TPM chip found, activating TPM-bypass! (rc=-19)
[    1.430386] ima: Allocated hash algorithm: sha1
[    1.431310] evm: HMAC attrs: 0x1
[    1.432144]   Magic number: 4:115:613
[    1.432828]  isa: hash matches
[    1.433533] rtc_cmos rtc_cmos: setting system clock to 2020-05-31 02:37:44 UTC (1590892664)
[    1.435814] BIOS EDD facility v0.16 2004-Jun-25, 0 devices found
[    1.482198] EDD information not available.
[    1.538508] Freeing unused kernel image memory: 2432K
[    1.552578] Write protecting the kernel read-only data: 20480k
[    1.554325] Freeing unused kernel image memory: 2008K
[    1.555562] Freeing unused kernel image memory: 1876K
[    1.562119] x86/mm: Checked W+X mappings: passed, no W+X pages found.
[    1.569420] x86/mm: Checking user space page tables
[    1.576648] x86/mm: Checked W+X mappings: passed, no W+X pages found.
Loading, please wait...
starting version 237
[    1.663804] e1000: Intel(R) PRO/1000 Network Driver - version 7.3.21-k8-NAPI
[    1.714097] e1000: Copyright (c) 1999-2006 Intel Corporation.
[    1.788705] Fusion MPT base driver 3.04.20
[    1.797194] Copyright (c) 1999-2008 LSI Corporation
[    1.881581] Fusion MPT SPI Host driver 3.04.20
[    1.924438] AVX2 version of gcm_enc/dec engaged.
[    1.937702] AES CTR mode by8 optimization enabled
[    2.127545] input: ImExPS/2 Generic Explorer Mouse as /devices/platform/i8042/serio1/input/input4
[    2.288932] e1000 0000:00:03.0 eth0: (PCI:33MHz:32-bit) 02:39:67:45:9c:e6
[    2.392546] e1000 0000:00:03.0 eth0: Intel(R) PRO/1000 Network Connection
[    2.433923] mptbase: ioc0: Initiating bringup
[    2.434193] e1000 0000:00:03.0 enp0s3: renamed from eth0
[    2.536728] ioc0: LSI53C1030 A0: Capabilities={Initiator}
[    2.815790] scsi host2: ioc0: LSI53C1030 A0, FwRev=00000000h, Ports=1, MaxQ=256, IRQ=20
[    3.004594] scsi 2:0:0:0: Direct-Access     VBOX     HARDDISK         1.0  PQ: 0 ANSI: 5
[    3.064086] scsi target2:0:0: Beginning Domain Validation
[    3.067266] scsi target2:0:0: Domain Validation skipping write tests
[    3.068926] scsi target2:0:0: Ending Domain Validation
[    3.070150] scsi target2:0:0: asynchronous
[    3.071840] scsi 2:0:1:0: Direct-Access     VBOX     HARDDISK         1.0  PQ: 0 ANSI: 5
[    3.104093] scsi target2:0:1: Beginning Domain Validation
[    3.106172] random: fast init done
[    3.107436] scsi target2:0:1: Domain Validation skipping write tests
[    3.108710] scsi target2:0:1: Ending Domain Validation
[    3.109713] scsi target2:0:1: asynchronous
[    3.114230] random: systemd-udevd: uninitialized urandom read (16 bytes read)
[    3.114231] sd 2:0:0:0: Attached scsi generic sg0 type 0
[    3.114321] sd 2:0:1:0: Attached scsi generic sg1 type 0
[    3.115688] random: systemd-udevd: uninitialized urandom read (16 bytes read)
[    3.118777] sd 2:0:0:0: [sda] 20971520 512-byte logical blocks: (10.7 GB/10.0 GiB)
[    3.120421] sd 2:0:1:0: [sdb] 20480 512-byte logical blocks: (10.5 MB/10.0 MiB)
[    3.121704] sd 2:0:0:0: [sda] Write Protect is off
[    3.122621] sd 2:0:1:0: [sdb] Write Protect is off
[    3.123496] sd 2:0:1:0: [sdb] Incomplete mode parameter data
[    3.124547] sd 2:0:1:0: [sdb] Assuming drive cache: write through
[    3.125922] sd 2:0:0:0: [sda] Incomplete mode parameter data
[    3.126940] sd 2:0:0:0: [sda] Assuming drive cache: write through
[    3.128127] random: systemd-udevd: uninitialized urandom read (16 bytes read)
[    3.130919]  sda: sda1
[    3.138368] sd 2:0:0:0: [sda] Attached SCSI disk
[    3.139325] sd 2:0:1:0: [sdb] Attached SCSI disk
Begin: Loading essential drivers ... [    4.504242] raid6: sse2x1   gen() 13027 MB/s
[    4.576118] raid6: sse2x1   xor()  9404 MB/s
[    4.632116] raid6: sse2x2   gen() 15833 MB/s
[    4.716507] raid6: sse2x2   xor() 10411 MB/s
[    4.776024] raid6: sse2x4   gen() 17071 MB/s
[    4.860072] raid6: sse2x4   xor() 10942 MB/s
[    4.916521] raid6: avx2x1   gen() 26994 MB/s
[    5.004500] raid6: avx2x1   xor() 18422 MB/s
[    5.092431] raid6: avx2x2   gen() 30983 MB/s
[    5.180252] raid6: avx2x2   xor() 20246 MB/s
[    5.244079] raid6: avx2x4   gen() 32999 MB/s
[    5.304564] raid6: avx2x4   xor() 22090 MB/s
[    5.336718] raid6: using algorithm avx2x4 gen() 32999 MB/s
[    5.344433] raid6: .... xor() 22090 MB/s, rmw enabled
[    5.345627] raid6: using avx2x2 recovery algorithm
[    5.379433] xor: automatically using best checksumming function   avx       
[    5.381778] async_tx: api initialized (async)
done.
Begin: Running /scripts/init-premount ... done.
Begin: Mounting root file system ... Begin: Running /scripts/local-top ... done.
Begin: Running /scripts/local-premount ... [    5.422199] Btrfs loaded, crc32c=crc32c-intel
Scanning for Btrfs filesystems
done.
Warning: fsck not present, so skipping root file system
[    5.454020] EXT4-fs (sda1): INFO: recovery required on readonly filesystem
[    5.455512] EXT4-fs (sda1): write access will be enabled during recovery
[    5.521137] EXT4-fs (sda1): orphan cleanup on readonly fs
[    5.523360] EXT4-fs (sda1): 5 orphan inodes deleted
[    5.524296] EXT4-fs (sda1): recovery complete
[    5.532339] EXT4-fs (sda1): mounted filesystem with ordered data mode. Opts: (null)
done.
Begin: Running /scripts/local-bottom ... done.
Begin: Running /scripts/init-bottom ... done.
[    5.691143] ip_tables: (C) 2000-2006 Netfilter Core Team
[    5.702118] systemd[1]: systemd 237 running in system mode. (+PAM +AUDIT +SELINUX +IMA +APPARMOR +SMACK +SYSVINIT +UTMP +LIBCRYPTSETUP +GCRYPT +GNUTLS +ACL +XZ +LZ4 +SECCOMP +BLKID +ELFUTILS +KMOD -IDN2 +IDN -PCRE2 default-hierarchy=hybrid)
[    5.705819] systemd[1]: Detected virtualization oracle.
[    5.706735] systemd[1]: Detected architecture x86-64.

Welcome to [1mUbuntu 18.04.4 LTS[0m!

[    5.717977] systemd[1]: Set hostname to <ubuntu-bionic>.
[    5.953724] systemd[1]: Reached target User and Group Name Lookups.
[[0;32m  OK  [0m] Reached target User and Group Name Lookups.
[    5.956010] systemd[1]: Set up automount Arbitrary Executable File Formats File System Automount Point.
[[0;32m  OK  [0m] Set up automount Arbitrary Executab…rmats File System Automount Point.
[    5.961292] systemd[1]: Created slice User and Session Slice.
[[0;32m  OK  [0m] Created slice User and Session Slice.
[    5.963342] systemd[1]: Reached target System Time Synchronized.
[[0;32m  OK  [0m] Reached target System Time Synchronized.
[    5.965452] systemd[1]: Started Forward Password Requests to Wall Directory Watch.
[[0;32m  OK  [0m] Started Forward Password Requests to Wall Directory Watch.
[    5.968137] systemd[1]: Created slice System Slice.
[[0;32m  OK  [0m] Created slice System Slice.
[[0;32m  OK  [0m] Listening on Journal Socket.
[[0;32m  OK  [0m] Listening on LVM2 poll daemon socket.
         Starting Create list of required st…ce nodes for the current kernel...
[[0;32m  OK  [0m] Listening on Journal Socket (/dev/log).
[[0;32m  OK  [0m] Listening on udev Control Socket.
[[0;32m  OK  [0m] Listening on /dev/initctl Compatibility Named Pipe.
         Mounting Kernel Debug File System...
[[0;32m  OK  [0m] Listening on udev Kernel Socket.
         Starting udev Coldplug all Devices...
[[0;32m  OK  [0m] Listening on Network Service Netlink Socket.
[[0;32m  OK  [0m] Created slice system-serial\x2dgetty.slice.
[[0;32m  OK  [0m] Listening on Syslog Socket.
         Mounting POSIX Message Queue File System...
         Mounting Huge Pages File System...
         Starting Load Kernel Modules...
[[0;32m  OK  [0m] Reached target Slices.
[    6.023248] Loading iSCSI transport class v2.0-870.
         Starting Remount Root and Kernel File Systems...
         Starting Uncomplicated firewall...
[[0;32m  OK  [0m] Created slice system-postgresql.slice.
[    6.029128] iscsi: registered transport (tcp)
         Starting Set the console keyboard layout...
[[0;32m  OK  [0m] Listening on LVM2 metadata daemon socket.
[[0;32m  OK  [0m] Listening on Journal Audit Socket.
         Starting Journal Service...
[[0;32m  OK  [0m] Reached target Swap.
[[0;32m  OK  [0m] Listening on Device-mapper event daemon FIFOs.
         Starting Monitoring of LVM2 mirrors…ng dmeventd or progress polling...
[[0;32m  OK  [0m] Started Create list of required sta…vice nodes for the current kernel.
[[0;32m  OK  [0m] Mounted Kernel Debug File System.
[[0;32m  OK  [0m] Mounted POSIX Message Queue File System.
[[0;32m  OK  [0m] Mounted Huge Pages File System.
[[0;32m  OK  [0m] Started Uncomplicated firewall.
         Starting Create Static Device Nodes in /dev...
[[0;32m  OK  [0[    6.102228] iscsi: registered transport (iser)
m] Started udev Coldplug all Devices.
[    6.119588] EXT4-fs (sda1): re-mounted. Opts: (null)
[[0;32m  OK  [0m] Started Load Kernel Modules.
[[0;32m  OK  [0m] Started Remount Root and Kernel File Systems.
         Starting Load/Save Random Seed...
         Starting Apply Kernel Variables...
         Mounting Kernel Configuration File System...
         Mounting FUSE Control File System...
[[0;32m  OK  [0m] Started LVM2 metadata daemon.
[[0;32m  OK  [0m] Started Journal Service.
[[0;32m  OK  [0m] Started Create Static Device Nodes in /dev.
[[0;32m  OK  [0m] Started Load/Save Random Seed.
[[0;32m  OK  [0m] Started Apply Kernel Variables.
[[0;32m  OK  [0m] Mounted Kernel Configuration File System.
[[0;32m  OK  [0m] Mounted FUSE Control File System.
         Starting udev Kernel Device Manager...
         Starting Flush Journal to Persistent Storage...
[[0;32m  OK  [0m] Started Monitoring of LVM2 mirrors,…sing dmeventd or progress polling.
[[0;32m  OK  [0m] Started Set the console keyboard layout.
[[0;32m  OK  [0m] Reached target Local File Systems (Pre).
         Mounting Mount unit for core, revision 9066...
         Mounting Mount unit for heroku, revision 3929...
[[0;32m  OK  [0m] Reached target Local File Systems.
         Starting AppArmor initialization...
         Starting Set console font and keymap...
         Starting Tell Plymouth To Write Out Runtime Data...
         Starting ebtables ruleset management...
         Mounting Mount unit for heroku, revision 3881...
         Mounting Mount unit for core, revision 8935...
[[0;32m  OK  [0m] Started udev Kernel Device Manager.
[[0;32m  OK  [0m] Started Flush Journal to Persistent Storage.
[[0;32m  OK  [0m] Mounted Mount unit for core, revision 9066.
[[0;32m  OK  [0m] Started Set console font and keymap.
[[0;32m  OK  [0m] Started Tell Plymouth To Write Out Runtime Data.
[[0;32m  OK  [0m] Mounted Mount unit for heroku, revision 3929.
[[0;32m  OK  [0m] Mounted Mount unit for heroku, revision 3881.
[[0;32m  OK  [0m] Mounted Mount unit for core, revision 8935.
         Starting Create Volatile Files and Directories...
[[0;32m  OK  [0m] Started Dispatch Password Requests to Console Directory Watch.
[[0;32m  OK  [0m] Reached target Local Encrypted Volumes.
[[0;32m  OK  [0m] Started Create Volatile Files and Directories.
         Starting Update UTMP about System Boot/Shutdown...
[[0;32m  OK  [0m] Started ebtables ruleset management.
[[0;32m  OK  [0m] Started Update UTMP about System Boot/Shutdown.
[[0;32m  OK  [0m] Found device /dev/ttyS0.
[[0;32m  OK  [0m] Listening on Load/Save RF Kill Switch Status /dev/rfkill Watch.
[[0;32m  OK  [0m] Started AppArmor initialization.
         Starting Initial cloud-init job (pre-networking)...
[    7.966978] cloud-init[573]: Cloud-init v. 19.4-33-gbb4131a2-0ubuntu1~18.04.1 running 'init-local' at Sun, 31 May 2020 02:37:50 +0000. Up 7.79 seconds.
[[0;32m  OK  [0m] Started Initial cloud-init job (pre-networking).
[[0;32m  OK  [0m] Reached target Network (Pre).
         Starting Network Service...
[[0;32m  OK  [0m] Started Network Service.
         Starting Wait for Network to be Configured...
         Starting Network Name Resolution...
[[0;32m  OK  [0m] Started Network Name Resolution.
[[0;32m  OK  [0m] Reached target Network.
[[0;32m  OK  [0m] Reached target Host and Network Name Lookups.
[[0;32m  OK  [0m] Started Wait for Network to be Configured.
         Starting Initial cloud-init job (metadata service crawler)...
[    9.987728] cloud-init[692]: Cloud-init v. 19.4-33-gbb4131a2-0ubuntu1~18.04.1 running 'init' at Sun, 31 May 2020 02:37:52 +0000. Up 9.87 seconds.
[   10.005818] cloud-init[692]: ci-info: ++++++++++++++++++++++++++++++++++++++Net device info++++++++++++++++++++++++++++++++++++++
[   10.010016] cloud-init[692]: ci-info: +--------+------+----------------------------+---------------+--------+-------------------+
[   10.028193] cloud-init[692]: ci-info: | Device |  Up  |          Address           |      Mask     | Scope  |     Hw-Address    |
[   10.030414] cloud-init[692]: ci-info: +--------+------+----------------------------+---------------+--------+-------------------+
[   10.032230] cloud-init[692]: ci-info: | enp0s3 | True |         10.0.2.15          | 255.255.255.0 | global | 02:39:67:45:9c:e6 |
[   10.033959] cloud-init[692]: ci-info: | enp0s3 | True | fe80::39:67ff:fe45:9ce6/64 |       .       |  link  | 02:39:67:45:9c:e6 |
[   10.035725] cloud-init[692]: ci-info: |   lo   | True |         127.0.0.1          |   255.0.0.0   |  host  |         .         |
[   10.037470] cloud-init[692]: ci-info: |   lo   | True |          ::1/128           |       .       |  host  |         .         |
[   10.039195] cloud-init[692]: ci-info: +--------+------+----------------------------+---------------+--------+-------------------+
[   10.043262] cloud-init[692]: ci-info: ++++++++++++++++++++++++++++Route IPv4 info+++++++++++++++++++++++++++++
[   10.044836] cloud-init[692]: ci-info: +-------+-------------+----------+-----------------+-----------+-------+
[   10.046883] cloud-init[692]: ci-info: | Route | Destination | Gateway  |     Genmask     | Interface | Flags |
[   10.048549] cloud-init[692]: ci-info: +-------+-------------+----------+-----------------+-----------+-------+
[   10.050038] cloud-init[692]: ci-info: |   0   |   0.0.0.0   | 10.0.2.2 |     0.0.0.0     |   enp0s3  |   UG  |
[   10.051516] cloud-init[692]: ci-info: |   1   |   10.0.2.0  | 0.0.0.0  |  255.255.255.0  |   enp0s3  |   U   |
[   10.057620] cloud-init[692]: ci-info: |   2   |   10.0.2.2  | 0.0.0.0  | 255.255.255.255 |   enp0s3  |   UH  |
[   10.059185] cloud-init[692]: ci-info: +-------+-------------+----------+-----------------+-----------+-------+
[   10.060762] cloud-init[692]: ci-info: +++++++++++++++++++Route IPv6 info+++++++++++++++++++
[   10.062096] cloud-init[692]: ci-info: +-------+-------------+---------+-----------+-------+
[   10.063464] cloud-init[692]: ci-info: | Route | Destination | Gateway | Interface | Flags |
[   10.064729] cloud-init[692]: ci-info: +-------+-------------+---------+-----------+-------+
[   10.065981] cloud-init[692]: ci-info: |   1   |  fe80::/64  |    ::   |   enp0s3  |   U   |
[   10.067235] cloud-init[692]: ci-info: |   3   |    local    |    ::   |   enp0s3  |   U   |
[   10.068510] cloud-init[692]: ci-info: |   4   |   ff00::/8  |    ::   |   enp0s3  |   U   |
[   10.070031] cloud-init[692]: ci-info: +-------+-------------+---------+-----------+-------+
[[0;32m  OK  [0m] Started Initial cloud-init job (metadata service crawler).
[[0;32m  OK  [0m] Reached target Cloud-config availability.
[[0;32m  OK  [0m] Reached target System Initialization.
[[0;32m  OK  [0m] Started Discard unused blocks once a week.
[[0;32m  OK  [0m] Started Daily Cleanup of Temporary Directories.
[[0;32m  OK  [0m] Listening on UUID daemon activation socket.
[[0;32m  OK  [0m] Listening on ACPID Listen Socket.
         Starting Socket activation for snappy daemon.
[[0;32m  OK  [0m] Started ACPI Events Check.
[[0;32m  OK  [0m] Listening on Open-iSCSI iscsid Socket.
[[0;32m  OK  [0m] Started Daily apt download activities.
[[0;32m  OK  [0m] Listening on D-Bus System Message Bus Socket.
[[0;32m  OK  [0m] Started Daily apt upgrade and clean activities.
[[0;32m  OK  [0m] Reached target Paths.
         Starting LXD - unix socket.
[[0;32m  OK  [0m] Started Message of the Day.
[[0;32m  OK  [0m] Reached target Timers.
[[0;32m  OK  [0m] Reached target Network is Online.
         Starting Availability of block devices...
[[0;32m  OK  [0m] Reached target Remote File Systems (Pre).
[[0;32m  OK  [0m] Reached target Remote File Systems.
[[0;32m  OK  [0m] Listening on Socket activation for snappy daemon.
[[0;32m  OK  [0m] Listening on LXD - unix socket.
[[0;32m  OK  [0m] Started Availability of block devices.
[[0;32m  OK  [0m] Reached target Sockets.
[[0;32m  OK  [0m] Reached target Basic System.
         Starting Virtualbox guest utils...
         Starting LXD - container startup/shutdown...
[[0;32m  OK  [0m] Started D-Bus System Message Bus.
         Starting OpenBSD Secure Shell server...
         Starting Dispatcher daemon for systemd-networkd...
[[0;32m  OK  [0m] Started irqbalance daemon.
         Starting Message of the Day...
         Starting LSB: automatic crash report generation...
         Starting PostgreSQL Cluster 10-main...
[[0;32m  OK  [0m] Started FUSE filesystem for LXC.
         Starting Permit User Sessions...
         Starting LSB: Record successful boot for GRUB...
[[0;32m  OK  [0m] Started Deferred execution scheduler.
         Starting System Logging Service...
         Starting Login Service...
         Starting Resets System Activity Data Collector...
[[0;32m  OK  [0m] Started Regular background program processing daemon.
         Starting Accounts Service...
         Starting Snappy daemon...
[[0;32m  OK  [0m] Started System Logging Service.
[[0;32m  OK  [0m] Started LXD - container startup/shutdown.
[[0;32m  OK  [0m] Started Permit User Sessions.
[[0;32m  OK  [0m] Started Resets System Activity Data Collector.
[[0;32m  OK  [0m] Started OpenBSD Secure Shell server.
         Starting Hold until boot process finishes up...
         Starting Terminate Plymouth Boot Screen...
[[0;32m  OK  [0m] Started Hold until boot process finishes up.
         Starting Set console scheme...
[[0;32m  OK  [0m] Started Serial Getty on ttyS0.
[[0;32m  OK  [0m] Started Terminate Plymouth Boot Screen.
[[0;32m  OK  [0m] Started Set console scheme.
[[0;32m  OK  [0m] Started Login Service.
[[0;32m  OK  [0m] Started Unattended Upgrades Shutdown.
[[0;32m  OK  [0m] Created slice system-getty.slice.
[[0;32m  OK  [0m] Started Getty on tty1.
[[0;32m  OK  [0m] Reached target Login Prompts.
         Starting Authorization Manager...
[[0;32m  OK  [0m] Started LSB: automatic crash report generation.
[[0;32m  OK  [0m] Started LSB: Record successful boot for GRUB.
[[0;32m  OK  [0m] Started Authorization Manager.
[[0;32m  OK  [0m] Started Accounts Service.
[[0;32m  OK  [0m] Started Virtualbox guest utils.
[[0;32m  OK  [0m] Started Dispatcher daemon for systemd-networkd.
[[0;32m  OK  [0m] Started Snappy daemon.
         Starting Wait until snapd is fully seeded...
[[0;32m  OK  [0m] Started Wait until snapd is fully seeded.
         Starting Apply the settings specified in cloud-config...
[   12.324444] cloud-init[1162]: Cloud-init v. 19.4-33-gbb4131a2-0ubuntu1~18.04.1 running 'modules:config' at Sun, 31 May 2020 02:37:55 +0000. Up 12.24 seconds.
[[0;32m  OK  [0m] Started Apply the settings specified in cloud-config.
[[0;32m  OK  [0m] Started PostgreSQL Cluster 10-main.
         Starting PostgreSQL RDBMS...
[[0;32m  OK  [0m] Started PostgreSQL RDBMS.
[[0;32m  OK  [0m] Reached target Multi-User System.
[[0;32m  OK  [0m] Reached target Graphical Interface.
         Starting Update UTMP about System Runlevel Changes...
         Starting Execute cloud user/final scripts...
[[0;32m  OK  [0m] Started Update UTMP about System Runlevel Changes.
[[0;32m  OK  [0m] Started Message of the Day.
[   14.342371] cloud-init[1236]: Cloud-init v. 19.4-33-gbb4131a2-0ubuntu1~18.04.1 running 'modules:final' at Sun, 31 May 2020 02:37:57 +0000. Up 14.26 seconds.
[[0;32m  OK  [0m] Started Execute cloud user/final scripts.
[[0;32m  OK  [0m] Reached target Cloud-init target.
[   14.388935] cloud-init[1236]: Cloud-init v. 19.4-33-gbb4131a2-0ubuntu1~18.04.1 finished at Sun, 31 May 2020 02:37:57 +0000. Datasource DataSourceNoCloud [seed=/dev/sdb][dsmode=net].  Up 14.33 seconds
         Starting Daily apt download activities...
[[0;32m  OK  [0m] Created slice User Slice of vagrant.
         Starting User Manager for UID 1000...
[[0;32m  OK  [0m] Started Session 1 of user vagrant.
[[0;32m  OK  [0m] Started User Manager for UID 1000.

Ubuntu 18.04.4 LTS ubuntu-bionic ttyS0

ubuntu-bionic login: 